\BOOKMARK [0][-]{chapter.1}{\376\377\000I\000n\000t\000r\000o\000d\000u\000z\000i\000o\000n\000e}{}% 1
\BOOKMARK [1][-]{section.1.1}{\376\377\000I\000l\000\040\000p\000r\000o\000g\000e\000t\000t\000o}{chapter.1}% 2
\BOOKMARK [0][-]{chapter.2}{\376\377\000P\000r\000o\000g\000e\000t\000t\000a\000z\000i\000o\000n\000e\000\040\000e\000\040\000c\000o\000d\000i\000f\000i\000c\000a}{}% 3
\BOOKMARK [1][-]{section.2.1}{\376\377\000T\000e\000c\000n\000o\000l\000o\000g\000i\000e\000\040\000u\000t\000i\000l\000i\000z\000z\000a\000t\000e}{chapter.2}% 4
\BOOKMARK [2][-]{subsection.2.1.1}{\376\377\000V\000u\000e}{section.2.1}% 5
\BOOKMARK [2][-]{subsection.2.1.2}{\376\377\000V\000u\000e\000t\000i\000f\000y}{section.2.1}% 6
\BOOKMARK [2][-]{subsection.2.1.3}{\376\377\000V\000u\000e\000x}{section.2.1}% 7
\BOOKMARK [1][-]{section.2.2}{\376\377\000O\000r\000g\000a\000n\000i\000z\000z\000a\000z\000i\000o\000n\000e\000\040\000d\000e\000i\000\040\000f\000i\000l\000e}{chapter.2}% 8
\BOOKMARK [1][-]{section.2.3}{\376\377\000C\000h\000i\000a\000m\000a\000t\000e\000\040\000a\000l\000\040\000b\000a\000c\000k\000\040\000e\000n\000d}{chapter.2}% 9
\BOOKMARK [2][-]{subsection.2.3.1}{\376\377\000C\000u\000r\000r\000e\000n\000t\000U\000s\000e\000r\000.\000j\000s}{section.2.3}% 10
\BOOKMARK [2][-]{subsection.2.3.2}{\376\377\000N\000f\000t\000S\000e\000r\000v\000i\000c\000e\000.\000j\000s}{section.2.3}% 11
\BOOKMARK [1][-]{section.2.4}{\376\377\000M\000a\000s\000c\000h\000e\000r\000e\000\040\000i\000m\000p\000l\000e\000m\000e\000n\000t\000a\000t\000e}{chapter.2}% 12
\BOOKMARK [2][-]{subsection.2.4.1}{\376\377\000B\000a\000r\000r\000a\000\040\000d\000i\000\040\000n\000a\000v\000i\000g\000a\000z\000i\000o\000n\000e}{section.2.4}% 13
\BOOKMARK [2][-]{subsection.2.4.2}{\376\377\000H\000o\000m\000e}{section.2.4}% 14
\BOOKMARK [2][-]{subsection.2.4.3}{\376\377\000V\000i\000s\000u\000a\000l\000i\000z\000z\000a\000\040\000d\000e\000t\000t\000a\000g\000l\000i}{section.2.4}% 15
\BOOKMARK [2][-]{subsection.2.4.4}{\376\377\000L\000o\000g\000i\000n}{section.2.4}% 16
\BOOKMARK [2][-]{subsection.2.4.5}{\376\377\000R\000e\000g\000i\000s\000t\000r\000a\000z\000i\000o\000n\000e}{section.2.4}% 17
\BOOKMARK [2][-]{subsection.2.4.6}{\376\377\000P\000a\000g\000i\000n\000a\000\040\000d\000e\000l\000l\000'\000u\000t\000e\000n\000t\000e}{section.2.4}% 18
\BOOKMARK [2][-]{subsection.2.4.7}{\376\377\000U\000p\000l\000o\000a\000d\000\040\000o\000p\000e\000r\000a}{section.2.4}% 19
\BOOKMARK [2][-]{subsection.2.4.8}{\376\377\000G\000e\000s\000t\000i\000o\000n\000e\000\040\000o\000p\000e\000r\000e}{section.2.4}% 20
\BOOKMARK [2][-]{subsection.2.4.9}{\376\377\000M\000o\000d\000i\000f\000i\000c\000a\000\040\000d\000a\000t\000i\000\040\000p\000e\000r\000s\000o\000n\000a\000l\000i}{section.2.4}% 21
\BOOKMARK [2][-]{subsection.2.4.10}{\376\377\000M\000o\000d\000i\000f\000i\000c\000a\000\040\000p\000a\000s\000s\000w\000o\000r\000d}{section.2.4}% 22
\BOOKMARK [1][-]{section.2.5}{\376\377\000G\000e\000n\000e\000r\000a\000z\000i\000o\000n\000e\000\040\000d\000e\000l\000l\000a\000\040\000p\000r\000e\000v\000i\000e\000w}{chapter.2}% 23
